{'timestamp': 2013-08-12 16:52:59,566, 'loglevel' : INFO Application started }
{'timestamp': 2013-08-12 16:53:03,432, 'loglevel' : INFO Application started }
{'timestamp': 2013-08-12 16:59:46,267, 'loglevel' : INFO AddHandler:get() }
{'timestamp': 2013-08-12 16:59:46,270, 'loglevel' : INFO AddHandler:get() }
{'timestamp': 2013-08-12 16:59:46,271, 'loglevel' : INFO AddHandler:get() }
{'timestamp': 2013-08-12 16:59:46,272, 'loglevel' : INFO AddHandler:get() }
{'timestamp': 2013-08-12 16:59:46,274, 'loglevel' : INFO AddHandler:get() }
{'timestamp': 2013-08-12 16:59:46,275, 'loglevel' : INFO AddHandler:get() }
{'timestamp': 2013-08-12 16:59:46,276, 'loglevel' : INFO AddHandler:get() }
{'timestamp': 2013-08-12 16:59:46,279, 'loglevel' : INFO AllHandler:get() }
{'timestamp': 2013-08-12 16:59:46,282, 'loglevel' : INFO ContainsHandler:get() }
{'timestamp': 2013-08-12 16:59:46,283, 'loglevel' : INFO LoadHandler:get() }
{'timestamp': 2013-08-12 16:59:46,286, 'loglevel' : INFO (OperationalError) FATAL:  database "my_database_name" does not exist
 None None }
{'timestamp': 2013-08-12 16:59:46,290, 'loglevel' : INFO ExistsHandler:get() }
{'timestamp': 2013-08-12 16:59:46,292, 'loglevel' : INFO LoadHandler:get() }
{'timestamp': 2013-08-12 16:59:46,294, 'loglevel' : INFO (OperationalError) FATAL:  database "my_database_name" does not exist
 None None }
{'timestamp': 2013-08-12 17:00:22,938, 'loglevel' : INFO AddHandler:get() }
{'timestamp': 2013-08-12 17:00:22,941, 'loglevel' : INFO AddHandler:get() }
{'timestamp': 2013-08-12 17:00:22,942, 'loglevel' : INFO AddHandler:get() }
{'timestamp': 2013-08-12 17:00:22,943, 'loglevel' : INFO AddHandler:get() }
{'timestamp': 2013-08-12 17:00:22,944, 'loglevel' : INFO AddHandler:get() }
{'timestamp': 2013-08-12 17:00:22,945, 'loglevel' : INFO AddHandler:get() }
{'timestamp': 2013-08-12 17:00:22,946, 'loglevel' : INFO AddHandler:get() }
{'timestamp': 2013-08-12 17:00:22,948, 'loglevel' : INFO AllHandler:get() }
{'timestamp': 2013-08-12 17:00:22,949, 'loglevel' : INFO ContainsHandler:get() }
{'timestamp': 2013-08-12 17:00:22,950, 'loglevel' : INFO LoadHandler:get() }
{'timestamp': 2013-08-12 17:00:22,952, 'loglevel' : INFO (OperationalError) FATAL:  database "my_database_name" does not exist
 None None }
{'timestamp': 2013-08-12 17:00:22,954, 'loglevel' : INFO ExistsHandler:get() }
{'timestamp': 2013-08-12 17:00:22,955, 'loglevel' : INFO LoadHandler:get() }
{'timestamp': 2013-08-12 17:00:22,957, 'loglevel' : INFO (OperationalError) FATAL:  database "my_database_name" does not exist
 None None }
{'timestamp': 2013-08-12 17:00:25,294, 'loglevel' : INFO AddHandler:get() }
{'timestamp': 2013-08-12 17:00:25,297, 'loglevel' : INFO AddHandler:get() }
{'timestamp': 2013-08-12 17:00:25,299, 'loglevel' : INFO AddHandler:get() }
{'timestamp': 2013-08-12 17:00:25,300, 'loglevel' : INFO AddHandler:get() }
{'timestamp': 2013-08-12 17:00:25,301, 'loglevel' : INFO AddHandler:get() }
{'timestamp': 2013-08-12 17:00:25,302, 'loglevel' : INFO AddHandler:get() }
{'timestamp': 2013-08-12 17:00:25,303, 'loglevel' : INFO AddHandler:get() }
{'timestamp': 2013-08-12 17:00:25,305, 'loglevel' : INFO AllHandler:get() }
{'timestamp': 2013-08-12 17:00:25,306, 'loglevel' : INFO ContainsHandler:get() }
{'timestamp': 2013-08-12 17:00:25,307, 'loglevel' : INFO LoadHandler:get() }
{'timestamp': 2013-08-12 17:00:25,309, 'loglevel' : INFO (OperationalError) FATAL:  database "my_database_name" does not exist
 None None }
{'timestamp': 2013-08-12 17:00:25,311, 'loglevel' : INFO ExistsHandler:get() }
{'timestamp': 2013-08-12 17:00:25,312, 'loglevel' : INFO LoadHandler:get() }
{'timestamp': 2013-08-12 17:00:25,314, 'loglevel' : INFO (OperationalError) FATAL:  database "my_database_name" does not exist
 None None }
{'timestamp': 2013-08-12 17:00:25,317, 'loglevel' : INFO AddHandler:get() }
{'timestamp': 2013-08-12 17:00:25,319, 'loglevel' : INFO AddHandler:get() }
{'timestamp': 2013-08-12 17:00:25,320, 'loglevel' : INFO AddHandler:get() }
{'timestamp': 2013-08-12 17:00:25,321, 'loglevel' : INFO AddHandler:get() }
{'timestamp': 2013-08-12 17:00:25,322, 'loglevel' : INFO AddHandler:get() }
{'timestamp': 2013-08-12 17:00:25,323, 'loglevel' : INFO AddHandler:get() }
{'timestamp': 2013-08-12 17:00:25,324, 'loglevel' : INFO AddHandler:get() }
{'timestamp': 2013-08-12 17:00:25,326, 'loglevel' : INFO AllHandler:get() }
{'timestamp': 2013-08-12 17:00:25,329, 'loglevel' : INFO ContainsHandler:get() }
{'timestamp': 2013-08-12 17:00:25,331, 'loglevel' : INFO LoadHandler:get() }
{'timestamp': 2013-08-12 17:00:25,333, 'loglevel' : INFO (OperationalError) FATAL:  database "my_database_name" does not exist
 None None }
{'timestamp': 2013-08-12 17:00:25,335, 'loglevel' : INFO ExistsHandler:get() }
{'timestamp': 2013-08-12 17:00:25,337, 'loglevel' : INFO LoadHandler:get() }
{'timestamp': 2013-08-12 17:00:25,340, 'loglevel' : INFO (OperationalError) FATAL:  database "my_database_name" does not exist
 None None }
{'timestamp': 2013-08-12 17:01:42,450, 'loglevel' : INFO AddHandler:get() }
{'timestamp': 2013-08-12 17:01:42,452, 'loglevel' : INFO AddHandler:get() }
{'timestamp': 2013-08-12 17:01:42,453, 'loglevel' : INFO AddHandler:get() }
{'timestamp': 2013-08-12 17:01:42,454, 'loglevel' : INFO AddHandler:get() }
{'timestamp': 2013-08-12 17:01:42,456, 'loglevel' : INFO AddHandler:get() }
{'timestamp': 2013-08-12 17:01:42,457, 'loglevel' : INFO AddHandler:get() }
{'timestamp': 2013-08-12 17:01:42,459, 'loglevel' : INFO AddHandler:get() }
{'timestamp': 2013-08-12 17:01:42,460, 'loglevel' : INFO AllHandler:get() }
{'timestamp': 2013-08-12 17:01:42,462, 'loglevel' : INFO ContainsHandler:get() }
{'timestamp': 2013-08-12 17:01:42,463, 'loglevel' : INFO LoadHandler:get() }
{'timestamp': 2013-08-12 17:01:42,465, 'loglevel' : INFO (OperationalError) FATAL:  database "my_database_name" does not exist
 None None }
{'timestamp': 2013-08-12 17:01:42,467, 'loglevel' : INFO ExistsHandler:get() }
{'timestamp': 2013-08-12 17:01:42,468, 'loglevel' : INFO LoadHandler:get() }
{'timestamp': 2013-08-12 17:01:42,470, 'loglevel' : INFO (OperationalError) FATAL:  database "my_database_name" does not exist
 None None }
{'timestamp': 2013-08-12 17:01:42,473, 'loglevel' : INFO AddHandler:get() }
{'timestamp': 2013-08-12 17:01:42,475, 'loglevel' : INFO AddHandler:get() }
{'timestamp': 2013-08-12 17:01:42,476, 'loglevel' : INFO AddHandler:get() }
{'timestamp': 2013-08-12 17:01:42,477, 'loglevel' : INFO AddHandler:get() }
{'timestamp': 2013-08-12 17:01:42,478, 'loglevel' : INFO AddHandler:get() }
{'timestamp': 2013-08-12 17:01:42,479, 'loglevel' : INFO AddHandler:get() }
{'timestamp': 2013-08-12 17:01:42,480, 'loglevel' : INFO AddHandler:get() }
{'timestamp': 2013-08-12 17:01:42,481, 'loglevel' : INFO AllHandler:get() }
{'timestamp': 2013-08-12 17:01:42,482, 'loglevel' : INFO ContainsHandler:get() }
{'timestamp': 2013-08-12 17:01:42,483, 'loglevel' : INFO LoadHandler:get() }
{'timestamp': 2013-08-12 17:01:42,486, 'loglevel' : INFO (OperationalError) FATAL:  database "my_database_name" does not exist
 None None }
{'timestamp': 2013-08-12 17:01:42,489, 'loglevel' : INFO ExistsHandler:get() }
{'timestamp': 2013-08-12 17:01:42,491, 'loglevel' : INFO LoadHandler:get() }
{'timestamp': 2013-08-12 17:01:42,493, 'loglevel' : INFO (OperationalError) FATAL:  database "my_database_name" does not exist
 None None }
{'timestamp': 2013-08-12 17:02:17,365, 'loglevel' : INFO AddHandler:get() }
{'timestamp': 2013-08-12 17:02:17,369, 'loglevel' : INFO AddHandler:get() }
{'timestamp': 2013-08-12 17:02:17,370, 'loglevel' : INFO AddHandler:get() }
{'timestamp': 2013-08-12 17:02:17,372, 'loglevel' : INFO AddHandler:get() }
{'timestamp': 2013-08-12 17:02:17,373, 'loglevel' : INFO AddHandler:get() }
{'timestamp': 2013-08-12 17:02:17,374, 'loglevel' : INFO AddHandler:get() }
{'timestamp': 2013-08-12 17:02:17,375, 'loglevel' : INFO AddHandler:get() }
{'timestamp': 2013-08-12 17:02:17,377, 'loglevel' : INFO AllHandler:get() }
{'timestamp': 2013-08-12 17:02:17,379, 'loglevel' : INFO ContainsHandler:get() }
{'timestamp': 2013-08-12 17:02:17,380, 'loglevel' : INFO LoadHandler:get() }
{'timestamp': 2013-08-12 17:02:17,382, 'loglevel' : INFO (OperationalError) FATAL:  database "my_database_name" does not exist
 None None }
{'timestamp': 2013-08-12 17:02:17,384, 'loglevel' : INFO ExistsHandler:get() }
{'timestamp': 2013-08-12 17:02:17,386, 'loglevel' : INFO AddHandler:get() }
{'timestamp': 2013-08-12 17:02:17,388, 'loglevel' : INFO AddHandler:get() }
{'timestamp': 2013-08-12 17:02:17,391, 'loglevel' : INFO AddHandler:get() }
{'timestamp': 2013-08-12 17:02:17,393, 'loglevel' : INFO AddHandler:get() }
{'timestamp': 2013-08-12 17:02:17,394, 'loglevel' : INFO AddHandler:get() }
{'timestamp': 2013-08-12 17:02:17,395, 'loglevel' : INFO AddHandler:get() }
{'timestamp': 2013-08-12 17:02:17,396, 'loglevel' : INFO AddHandler:get() }
{'timestamp': 2013-08-12 17:02:17,398, 'loglevel' : INFO AllHandler:get() }
{'timestamp': 2013-08-12 17:02:17,400, 'loglevel' : INFO ContainsHandler:get() }
{'timestamp': 2013-08-12 17:02:17,401, 'loglevel' : INFO LoadHandler:get() }
{'timestamp': 2013-08-12 17:02:17,403, 'loglevel' : INFO (OperationalError) FATAL:  database "my_database_name" does not exist
 None None }
{'timestamp': 2013-08-12 17:02:17,406, 'loglevel' : INFO ExistsHandler:get() }
{'timestamp': 2013-08-12 17:02:39,015, 'loglevel' : INFO Application started }
{'timestamp': 2013-08-12 17:02:41,426, 'loglevel' : INFO AddHandler:get() }
{'timestamp': 2013-08-12 17:02:41,428, 'loglevel' : INFO AddHandler:get() }
{'timestamp': 2013-08-12 17:02:41,430, 'loglevel' : INFO AddHandler:get() }
{'timestamp': 2013-08-12 17:02:41,431, 'loglevel' : INFO AddHandler:get() }
{'timestamp': 2013-08-12 17:02:41,433, 'loglevel' : INFO AddHandler:get() }
{'timestamp': 2013-08-12 17:02:41,434, 'loglevel' : INFO AddHandler:get() }
{'timestamp': 2013-08-12 17:02:41,436, 'loglevel' : INFO AddHandler:get() }
{'timestamp': 2013-08-12 17:02:41,439, 'loglevel' : INFO AllHandler:get() }
{'timestamp': 2013-08-12 17:02:41,441, 'loglevel' : INFO ContainsHandler:get() }
{'timestamp': 2013-08-12 17:02:41,443, 'loglevel' : INFO LoadHandler:get() }
{'timestamp': 2013-08-12 17:02:41,446, 'loglevel' : INFO (OperationalError) FATAL:  database "my_database_name" does not exist
 None None }
{'timestamp': 2013-08-12 17:02:41,449, 'loglevel' : INFO ExistsHandler:get() }
{'timestamp': 2013-08-12 17:02:41,451, 'loglevel' : INFO AddHandler:get() }
{'timestamp': 2013-08-12 17:02:41,452, 'loglevel' : INFO AddHandler:get() }
{'timestamp': 2013-08-12 17:02:41,453, 'loglevel' : INFO AddHandler:get() }
{'timestamp': 2013-08-12 17:02:41,455, 'loglevel' : INFO AddHandler:get() }
{'timestamp': 2013-08-12 17:02:41,456, 'loglevel' : INFO AddHandler:get() }
{'timestamp': 2013-08-12 17:02:41,457, 'loglevel' : INFO AddHandler:get() }
{'timestamp': 2013-08-12 17:02:41,459, 'loglevel' : INFO AddHandler:get() }
{'timestamp': 2013-08-12 17:02:41,461, 'loglevel' : INFO AllHandler:get() }
{'timestamp': 2013-08-12 17:02:41,462, 'loglevel' : INFO ContainsHandler:get() }
{'timestamp': 2013-08-12 17:02:41,463, 'loglevel' : INFO LoadHandler:get() }
{'timestamp': 2013-08-12 17:02:41,465, 'loglevel' : INFO (OperationalError) FATAL:  database "my_database_name" does not exist
 None None }
{'timestamp': 2013-08-12 17:02:41,466, 'loglevel' : INFO ExistsHandler:get() }
{'timestamp': 2013-08-12 17:03:15,802, 'loglevel' : INFO AllHandler:get() }
{'timestamp': 2013-08-12 17:03:23,941, 'loglevel' : INFO CountHandler:get() }
{'timestamp': 2013-08-12 17:04:08,634, 'loglevel' : INFO AddHandler:get() }
{'timestamp': 2013-08-12 17:04:08,638, 'loglevel' : INFO AddHandler:get() }
{'timestamp': 2013-08-12 17:04:08,640, 'loglevel' : INFO AddHandler:get() }
{'timestamp': 2013-08-12 17:04:08,641, 'loglevel' : INFO AddHandler:get() }
{'timestamp': 2013-08-12 17:04:08,643, 'loglevel' : INFO AddHandler:get() }
{'timestamp': 2013-08-12 17:04:08,644, 'loglevel' : INFO AddHandler:get() }
{'timestamp': 2013-08-12 17:04:08,645, 'loglevel' : INFO AddHandler:get() }
{'timestamp': 2013-08-12 17:04:08,646, 'loglevel' : INFO AllHandler:get() }
{'timestamp': 2013-08-12 17:04:08,647, 'loglevel' : INFO ContainsHandler:get() }
{'timestamp': 2013-08-12 17:04:08,649, 'loglevel' : INFO LoadHandler:get() }
{'timestamp': 2013-08-12 17:04:08,651, 'loglevel' : INFO (OperationalError) FATAL:  database "my_database_name" does not exist
 None None }
{'timestamp': 2013-08-12 17:04:08,653, 'loglevel' : INFO ExistsHandler:get() }
{'timestamp': 2013-08-12 17:04:08,655, 'loglevel' : INFO AddHandler:get() }
{'timestamp': 2013-08-12 17:04:08,656, 'loglevel' : INFO AddHandler:get() }
{'timestamp': 2013-08-12 17:04:08,658, 'loglevel' : INFO AddHandler:get() }
{'timestamp': 2013-08-12 17:04:08,660, 'loglevel' : INFO AddHandler:get() }
{'timestamp': 2013-08-12 17:04:08,661, 'loglevel' : INFO AddHandler:get() }
{'timestamp': 2013-08-12 17:04:08,663, 'loglevel' : INFO AddHandler:get() }
{'timestamp': 2013-08-12 17:04:08,664, 'loglevel' : INFO AddHandler:get() }
{'timestamp': 2013-08-12 17:04:08,665, 'loglevel' : INFO AllHandler:get() }
{'timestamp': 2013-08-12 17:04:08,666, 'loglevel' : INFO ContainsHandler:get() }
{'timestamp': 2013-08-12 17:04:08,667, 'loglevel' : INFO LoadHandler:get() }
{'timestamp': 2013-08-12 17:04:08,669, 'loglevel' : INFO (OperationalError) FATAL:  database "my_database_name" does not exist
 None None }
{'timestamp': 2013-08-12 17:04:08,671, 'loglevel' : INFO ExistsHandler:get() }
{'timestamp': 2013-08-12 17:05:07,358, 'loglevel' : INFO AddHandler:get() }
{'timestamp': 2013-08-12 17:05:07,362, 'loglevel' : INFO AddHandler:get() }
{'timestamp': 2013-08-12 17:05:07,364, 'loglevel' : INFO AddHandler:get() }
{'timestamp': 2013-08-12 17:05:07,365, 'loglevel' : INFO AddHandler:get() }
{'timestamp': 2013-08-12 17:05:07,366, 'loglevel' : INFO AddHandler:get() }
{'timestamp': 2013-08-12 17:05:07,368, 'loglevel' : INFO AddHandler:get() }
{'timestamp': 2013-08-12 17:05:07,369, 'loglevel' : INFO AddHandler:get() }
{'timestamp': 2013-08-12 17:05:07,371, 'loglevel' : INFO AllHandler:get() }
{'timestamp': 2013-08-12 17:05:07,372, 'loglevel' : INFO ContainsHandler:get() }
{'timestamp': 2013-08-12 17:05:07,373, 'loglevel' : INFO CountHandler:get() }
{'timestamp': 2013-08-12 17:05:07,374, 'loglevel' : INFO ExistsHandler:get() }
{'timestamp': 2013-08-12 17:05:07,376, 'loglevel' : INFO AddHandler:get() }
{'timestamp': 2013-08-12 17:05:07,378, 'loglevel' : INFO AddHandler:get() }
{'timestamp': 2013-08-12 17:05:07,379, 'loglevel' : INFO AddHandler:get() }
{'timestamp': 2013-08-12 17:05:07,381, 'loglevel' : INFO AddHandler:get() }
{'timestamp': 2013-08-12 17:05:07,383, 'loglevel' : INFO AddHandler:get() }
{'timestamp': 2013-08-12 17:05:07,385, 'loglevel' : INFO AddHandler:get() }
{'timestamp': 2013-08-12 17:05:07,387, 'loglevel' : INFO AddHandler:get() }
{'timestamp': 2013-08-12 17:05:07,389, 'loglevel' : INFO AllHandler:get() }
{'timestamp': 2013-08-12 17:05:07,391, 'loglevel' : INFO ContainsHandler:get() }
{'timestamp': 2013-08-12 17:05:07,393, 'loglevel' : INFO CountHandler:get() }
{'timestamp': 2013-08-12 17:05:07,396, 'loglevel' : INFO ExistsHandler:get() }
{'timestamp': 2013-08-12 17:05:20,206, 'loglevel' : INFO AddHandler:get() }
{'timestamp': 2013-08-12 17:05:20,209, 'loglevel' : INFO AddHandler:get() }
{'timestamp': 2013-08-12 17:05:20,211, 'loglevel' : INFO AddHandler:get() }
{'timestamp': 2013-08-12 17:05:20,212, 'loglevel' : INFO AddHandler:get() }
{'timestamp': 2013-08-12 17:05:20,213, 'loglevel' : INFO AddHandler:get() }
{'timestamp': 2013-08-12 17:05:20,215, 'loglevel' : INFO AddHandler:get() }
{'timestamp': 2013-08-12 17:05:20,216, 'loglevel' : INFO AddHandler:get() }
{'timestamp': 2013-08-12 17:05:20,217, 'loglevel' : INFO AllHandler:get() }
{'timestamp': 2013-08-12 17:05:20,218, 'loglevel' : INFO ContainsHandler:get() }
{'timestamp': 2013-08-12 17:05:20,220, 'loglevel' : INFO CountHandler:get() }
{'timestamp': 2013-08-12 17:05:20,221, 'loglevel' : INFO ExistsHandler:get() }
{'timestamp': 2013-08-12 17:05:20,223, 'loglevel' : INFO AddHandler:get() }
{'timestamp': 2013-08-12 17:05:20,224, 'loglevel' : INFO AddHandler:get() }
{'timestamp': 2013-08-12 17:05:20,225, 'loglevel' : INFO AddHandler:get() }
{'timestamp': 2013-08-12 17:05:20,227, 'loglevel' : INFO AddHandler:get() }
{'timestamp': 2013-08-12 17:05:20,228, 'loglevel' : INFO AddHandler:get() }
{'timestamp': 2013-08-12 17:05:20,230, 'loglevel' : INFO AddHandler:get() }
{'timestamp': 2013-08-12 17:05:20,231, 'loglevel' : INFO AddHandler:get() }
{'timestamp': 2013-08-12 17:05:20,232, 'loglevel' : INFO AllHandler:get() }
{'timestamp': 2013-08-12 17:05:20,234, 'loglevel' : INFO ContainsHandler:get() }
{'timestamp': 2013-08-12 17:05:20,237, 'loglevel' : INFO CountHandler:get() }
{'timestamp': 2013-08-12 17:05:20,239, 'loglevel' : INFO ExistsHandler:get() }
{'timestamp': 2013-08-13 13:29:38,805, 'loglevel' : INFO Application started }
{'timestamp': 2013-08-13 13:29:55,668, 'loglevel' : INFO LoadHandler:get() }
{'timestamp': 2013-08-14 20:29:30,700, 'loglevel' : INFO Application started }
{'timestamp': 2013-08-14 21:21:38,447, 'loglevel' : INFO LoadHandler:get() }
{'timestamp': 2013-08-14 21:21:52,616, 'loglevel' : INFO ContainsHandler:get() }
{'timestamp': 2013-08-14 21:28:54,197, 'loglevel' : INFO ContainsHandler:get() }
{'timestamp': 2013-08-14 21:30:04,949, 'loglevel' : INFO ContainsHandler:get() }
{'timestamp': 2013-08-14 21:30:41,269, 'loglevel' : INFO ContainsHandler:get() }
{'timestamp': 2013-08-14 21:31:13,527, 'loglevel' : INFO ContainsHandler:get() }
{'timestamp': 2013-08-14 21:38:21,708, 'loglevel' : INFO Application started }
{'timestamp': 2013-08-14 21:38:33,908, 'loglevel' : INFO ContainsHandler:get() }
{'timestamp': 2013-08-14 21:41:19,035, 'loglevel' : INFO Application started }
{'timestamp': 2013-08-14 21:43:21,359, 'loglevel' : INFO Application started }
{'timestamp': 2013-08-14 21:43:37,593, 'loglevel' : INFO ContainsHandler:get() }
{'timestamp': 2013-08-14 21:43:39,764, 'loglevel' : INFO ContainsHandler:get() }
{'timestamp': 2013-08-14 21:43:42,076, 'loglevel' : INFO ContainsHandler:get() }
{'timestamp': 2013-08-14 21:43:48,809, 'loglevel' : INFO LoadHandler:get() }
{'timestamp': 2013-08-14 21:43:53,704, 'loglevel' : INFO ContainsHandler:get() }
{'timestamp': 2013-08-14 21:44:12,631, 'loglevel' : INFO ContainsHandler:get() }
{'timestamp': 2013-08-14 21:45:13,502, 'loglevel' : INFO ContainsHandler:get() }
{'timestamp': 2013-08-14 21:46:59,508, 'loglevel' : INFO ContainsHandler:get() }
{'timestamp': 2013-08-14 21:48:34,022, 'loglevel' : INFO ContainsHandler:get() }
{'timestamp': 2013-08-14 21:48:37,714, 'loglevel' : INFO ContainsHandler:get() }
{'timestamp': 2013-08-14 21:49:03,228, 'loglevel' : INFO ContainsHandler:get() }
{'timestamp': 2013-08-14 21:49:05,134, 'loglevel' : INFO ContainsHandler:get() }
{'timestamp': 2013-08-14 21:51:01,629, 'loglevel' : INFO ContainsHandler:get() }
{'timestamp': 2013-08-14 21:51:25,064, 'loglevel' : INFO ContainsHandler:get() }
{'timestamp': 2013-08-14 21:55:23,769, 'loglevel' : INFO ContainsHandler:get() }
{'timestamp': 2013-08-14 21:55:27,449, 'loglevel' : INFO ContainsHandler:get() }
{'timestamp': 2013-08-14 21:55:29,620, 'loglevel' : INFO ContainsHandler:get() }
{'timestamp': 2013-08-14 21:57:14,615, 'loglevel' : INFO ContainsHandler:get() }
{'timestamp': 2013-08-14 21:57:25,260, 'loglevel' : INFO ContainsHandler:get() }
{'timestamp': 2013-08-14 21:59:24,161, 'loglevel' : INFO Application started }
{'timestamp': 2013-08-14 21:59:41,222, 'loglevel' : INFO LoadHandler:get() }
{'timestamp': 2013-08-14 21:59:50,324, 'loglevel' : INFO ContainsHandler:get() }
{'timestamp': 2013-08-14 22:01:22,357, 'loglevel' : INFO ContainsHandler:get() }
{'timestamp': 2013-08-14 22:02:57,154, 'loglevel' : INFO ContainsHandler:get() }
{'timestamp': 2013-08-14 22:04:11,944, 'loglevel' : INFO Application started }
{'timestamp': 2013-08-14 22:04:28,725, 'loglevel' : INFO Application started }
{'timestamp': 2013-08-14 22:04:37,216, 'loglevel' : INFO ContainsHandler:get() }
{'timestamp': 2013-08-14 22:05:26,480, 'loglevel' : INFO Application started }
{'timestamp': 2013-08-14 22:05:34,973, 'loglevel' : INFO ContainsHandler:get() }
{'timestamp': 2013-08-14 22:06:02,256, 'loglevel' : INFO Application started }
{'timestamp': 2013-08-14 22:06:05,578, 'loglevel' : INFO ContainsHandler:get() }
{'timestamp': 2013-08-14 22:06:07,786, 'loglevel' : INFO ContainsHandler:get() }
{'timestamp': 2013-08-14 22:06:15,548, 'loglevel' : INFO Application started }
{'timestamp': 2013-08-14 22:06:21,241, 'loglevel' : INFO ContainsHandler:get() }
{'timestamp': 2013-08-14 22:06:23,277, 'loglevel' : INFO ContainsHandler:get() }
{'timestamp': 2013-08-14 22:07:22,833, 'loglevel' : INFO Application started }
{'timestamp': 2013-08-14 22:07:29,684, 'loglevel' : INFO ContainsHandler:get() }
{'timestamp': 2013-08-14 22:08:11,756, 'loglevel' : INFO Application started }
{'timestamp': 2013-08-14 22:08:17,243, 'loglevel' : INFO LoadHandler:get() }
{'timestamp': 2013-08-14 22:08:21,689, 'loglevel' : INFO ContainsHandler:get() }
{'timestamp': 2013-08-14 22:09:01,042, 'loglevel' : INFO Application started }
{'timestamp': 2013-08-14 22:13:49,762, 'loglevel' : INFO Application started }
{'timestamp': 2013-08-14 22:13:55,017, 'loglevel' : INFO ContainsHandler:get() }
{'timestamp': 2013-08-14 22:14:00,651, 'loglevel' : INFO LoadHandler:get() }
{'timestamp': 2013-08-14 22:14:04,304, 'loglevel' : INFO ContainsHandler:get() }
{'timestamp': 2013-08-14 22:14:21,201, 'loglevel' : INFO Application started }
{'timestamp': 2013-08-14 22:14:22,798, 'loglevel' : INFO ContainsHandler:get() }
{'timestamp': 2013-08-14 22:14:27,898, 'loglevel' : INFO LoadHandler:get() }
{'timestamp': 2013-08-14 22:14:31,554, 'loglevel' : INFO ContainsHandler:get() }
{'timestamp': 2013-08-14 22:15:19,440, 'loglevel' : INFO Application started }
{'timestamp': 2013-08-14 22:15:23,540, 'loglevel' : INFO ContainsHandler:get() }
{'timestamp': 2013-08-14 22:15:29,817, 'loglevel' : INFO LoadHandler:get() }
{'timestamp': 2013-08-14 22:15:37,256, 'loglevel' : INFO ContainsHandler:get() }
{'timestamp': 2013-08-14 22:20:59,374, 'loglevel' : INFO Application started }
{'timestamp': 2013-08-14 22:21:07,400, 'loglevel' : INFO LoadHandler:get() }
{'timestamp': 2013-08-14 22:21:13,690, 'loglevel' : INFO ContainsHandler:get() }
{'timestamp': 2013-08-14 22:22:28,916, 'loglevel' : INFO Application started }
{'timestamp': 2013-08-14 22:22:37,280, 'loglevel' : INFO LoadHandler:get() }
{'timestamp': 2013-08-14 22:22:40,731, 'loglevel' : INFO ContainsHandler:get() }
{'timestamp': 2013-08-14 22:23:05,941, 'loglevel' : INFO Application started }
{'timestamp': 2013-08-14 22:23:12,839, 'loglevel' : INFO LoadHandler:get() }
{'timestamp': 2013-08-14 22:23:29,965, 'loglevel' : INFO ContainsHandler:get() }
{'timestamp': 2013-08-14 22:23:45,185, 'loglevel' : INFO Application started }
{'timestamp': 2013-08-14 22:23:51,731, 'loglevel' : INFO LoadHandler:get() }
{'timestamp': 2013-08-14 22:23:54,650, 'loglevel' : INFO ContainsHandler:get() }
{'timestamp': 2013-08-14 22:24:39,428, 'loglevel' : INFO Application started }
{'timestamp': 2013-08-14 22:24:52,189, 'loglevel' : INFO Application started }
{'timestamp': 2013-08-14 22:25:07,914, 'loglevel' : INFO LoadHandler:get() }
{'timestamp': 2013-08-14 22:25:11,121, 'loglevel' : INFO ContainsHandler:get() }
{'timestamp': 2013-08-14 22:25:55,964, 'loglevel' : INFO Application started }
{'timestamp': 2013-08-14 22:26:19,574, 'loglevel' : INFO LoadHandler:get() }
{'timestamp': 2013-08-14 22:26:22,669, 'loglevel' : INFO ContainsHandler:get() }
{'timestamp': 2013-08-14 22:27:02,725, 'loglevel' : INFO Application started }
{'timestamp': 2013-08-14 22:27:21,965, 'loglevel' : INFO Application started }
{'timestamp': 2013-08-14 22:27:30,983, 'loglevel' : INFO ContainsHandler:get() }
{'timestamp': 2013-08-14 22:27:53,869, 'loglevel' : INFO ContainsHandler:get() }
{'timestamp': 2013-08-14 22:29:08,709, 'loglevel' : INFO Application started }
{'timestamp': 2013-08-14 22:29:11,256, 'loglevel' : INFO ContainsHandler:get() }
{'timestamp': 2013-08-14 22:29:16,214, 'loglevel' : INFO LoadHandler:get() }
{'timestamp': 2013-08-14 22:29:20,101, 'loglevel' : INFO ContainsHandler:get() }
{'timestamp': 2013-08-14 22:29:50,772, 'loglevel' : INFO ContainsHandler:get() }
{'timestamp': 2013-08-14 22:30:09,138, 'loglevel' : INFO ContainsHandler:get() }
{'timestamp': 2013-08-14 22:33:05,622, 'loglevel' : INFO ContainsHandler:get() }
{'timestamp': 2013-08-14 22:35:44,554, 'loglevel' : INFO ContainsHandler:get() }
{'timestamp': 2013-08-15 15:42:26,772, 'loglevel' : INFO ContainsHandler:get() }
{'timestamp': 2013-08-15 15:42:56,068, 'loglevel' : INFO LoadHandler:get() }
{'timestamp': 2013-08-15 15:42:59,387, 'loglevel' : INFO ContainsHandler:get() }
{'timestamp': 2013-08-15 15:44:25,647, 'loglevel' : INFO ContainsHandler:get() }
{'timestamp': 2013-08-20 09:18:46,567, 'loglevel' : INFO Application started }
{'timestamp': 2013-08-20 09:21:01,992, 'loglevel' : INFO LoadHandler:get() }
{'timestamp': 2013-08-20 09:21:02,009, 'loglevel' : INFO (ProgrammingError) column users.last_modified does not exist
LINE 1: ...users_username, users.password AS users_password, users.last...
                                                             ^
 'SELECT users.id AS users_id, users.first_name AS users_first_name, users.last_name AS users_last_name, users.email AS users_email, users.username AS users_username, users.password AS users_password, users.last_modified AS users_last_modified, users.created AS users_created \nFROM users' {} }
{'timestamp': 2013-08-20 09:26:06,692, 'loglevel' : INFO LoadHandler:get() }
{'timestamp': 2013-08-20 09:26:06,693, 'loglevel' : INFO (InternalError) current transaction is aborted, commands ignored until end of transaction block
 'SELECT users.id AS users_id, users.first_name AS users_first_name, users.last_name AS users_last_name, users.email AS users_email, users.username AS users_username, users.password AS users_password, users.last_modified AS users_last_modified, users.created AS users_created \nFROM users' {} }
{'timestamp': 2013-08-20 09:28:42,557, 'loglevel' : INFO Application started }
{'timestamp': 2013-08-20 09:28:45,555, 'loglevel' : INFO LoadHandler:get() }
{'timestamp': 2013-08-20 09:28:45,566, 'loglevel' : INFO (ProgrammingError) column users.last_modified does not exist
LINE 1: ...users_username, users.password AS users_password, users.last...
                                                             ^
 'SELECT users.id AS users_id, users.first_name AS users_first_name, users.last_name AS users_last_name, users.email AS users_email, users.username AS users_username, users.password AS users_password, users.last_modified AS users_last_modified, users.created AS users_created \nFROM users' {} }
{'timestamp': 2013-08-20 09:43:41,117, 'loglevel' : INFO Application started }
